{"level":"info","message":"::ffff:127.0.0.1 - - [25/May/2018:07:44:13 +0000] \"GET /api/taskforce/inactive/list HTTP/1.1\" 200 36 \"-\" \"PostmanRuntime/7.1.1\"\n","timestamp":"2018-05-25T07:44:13.753Z"}
{"level":"info","message":"::ffff:127.0.0.1 - - [25/May/2018:07:45:02 +0000] \"GET /api/taskforce/inactive/list HTTP/1.1\" 200 36 \"-\" \"PostmanRuntime/7.1.1\"\n","timestamp":"2018-05-25T07:45:02.357Z"}
{"level":"info","message":"::1 - - [25/May/2018:07:45:53 +0000] \"GET /comelec-data HTTP/1.1\" 304 - \"-\" \"Mozilla/5.0 (X11; Linux x86_64) AppleWebKit/537.36 (KHTML, like Gecko) Chrome/66.0.3359.181 Safari/537.36\"\n","timestamp":"2018-05-25T07:45:53.038Z"}
{"level":"info","message":"::1 - - [25/May/2018:07:45:53 +0000] \"GET /asset/js/angular.js HTTP/1.1\" 304 - \"http://localhost:8000/comelec-data\" \"Mozilla/5.0 (X11; Linux x86_64) AppleWebKit/537.36 (KHTML, like Gecko) Chrome/66.0.3359.181 Safari/537.36\"\n","timestamp":"2018-05-25T07:45:53.083Z"}
{"level":"info","message":"::1 - - [25/May/2018:07:45:53 +0000] \"GET /asset/css/bootstrap.min.css HTTP/1.1\" 304 - \"http://localhost:8000/comelec-data\" \"Mozilla/5.0 (X11; Linux x86_64) AppleWebKit/537.36 (KHTML, like Gecko) Chrome/66.0.3359.181 Safari/537.36\"\n","timestamp":"2018-05-25T07:45:53.089Z"}
{"level":"info","message":"::1 - - [25/May/2018:07:45:53 +0000] \"GET /asset/css/animate.css HTTP/1.1\" 304 - \"http://localhost:8000/comelec-data\" \"Mozilla/5.0 (X11; Linux x86_64) AppleWebKit/537.36 (KHTML, like Gecko) Chrome/66.0.3359.181 Safari/537.36\"\n","timestamp":"2018-05-25T07:45:53.090Z"}
{"level":"info","message":"::1 - - [25/May/2018:07:45:53 +0000] \"GET /asset/css/main.css HTTP/1.1\" 304 - \"http://localhost:8000/comelec-data\" \"Mozilla/5.0 (X11; Linux x86_64) AppleWebKit/537.36 (KHTML, like Gecko) Chrome/66.0.3359.181 Safari/537.36\"\n","timestamp":"2018-05-25T07:45:53.090Z"}
{"level":"info","message":"::1 - - [25/May/2018:07:45:53 +0000] \"GET /asset/css/logo-nav.css HTTP/1.1\" 304 - \"http://localhost:8000/comelec-data\" \"Mozilla/5.0 (X11; Linux x86_64) AppleWebKit/537.36 (KHTML, like Gecko) Chrome/66.0.3359.181 Safari/537.36\"\n","timestamp":"2018-05-25T07:45:53.091Z"}
{"level":"info","message":"::1 - - [25/May/2018:07:45:53 +0000] \"GET /asset/js/angular-route.js HTTP/1.1\" 304 - \"http://localhost:8000/comelec-data\" \"Mozilla/5.0 (X11; Linux x86_64) AppleWebKit/537.36 (KHTML, like Gecko) Chrome/66.0.3359.181 Safari/537.36\"\n","timestamp":"2018-05-25T07:45:53.094Z"}
{"level":"info","message":"::1 - - [25/May/2018:07:45:53 +0000] \"GET /asset/js/angular-animate.js HTTP/1.1\" 304 - \"http://localhost:8000/comelec-data\" \"Mozilla/5.0 (X11; Linux x86_64) AppleWebKit/537.36 (KHTML, like Gecko) Chrome/66.0.3359.181 Safari/537.36\"\n","timestamp":"2018-05-25T07:45:53.100Z"}
{"level":"info","message":"::1 - - [25/May/2018:07:45:53 +0000] \"GET /app/controllers/usrctrl.js HTTP/1.1\" 304 - \"http://localhost:8000/comelec-data\" \"Mozilla/5.0 (X11; Linux x86_64) AppleWebKit/537.36 (KHTML, like Gecko) Chrome/66.0.3359.181 Safari/537.36\"\n","timestamp":"2018-05-25T07:45:53.106Z"}
{"level":"info","message":"::1 - - [25/May/2018:07:45:53 +0000] \"GET /app/controllers/mainctrl.js HTTP/1.1\" 304 - \"http://localhost:8000/comelec-data\" \"Mozilla/5.0 (X11; Linux x86_64) AppleWebKit/537.36 (KHTML, like Gecko) Chrome/66.0.3359.181 Safari/537.36\"\n","timestamp":"2018-05-25T07:45:53.106Z"}
{"level":"info","message":"::1 - - [25/May/2018:07:45:53 +0000] \"GET /app/controllers/votersctrl.js HTTP/1.1\" 304 - \"http://localhost:8000/comelec-data\" \"Mozilla/5.0 (X11; Linux x86_64) AppleWebKit/537.36 (KHTML, like Gecko) Chrome/66.0.3359.181 Safari/537.36\"\n","timestamp":"2018-05-25T07:45:53.107Z"}
{"level":"info","message":"::1 - - [25/May/2018:07:45:53 +0000] \"GET /app/app.js HTTP/1.1\" 304 - \"http://localhost:8000/comelec-data\" \"Mozilla/5.0 (X11; Linux x86_64) AppleWebKit/537.36 (KHTML, like Gecko) Chrome/66.0.3359.181 Safari/537.36\"\n","timestamp":"2018-05-25T07:45:53.108Z"}
{"level":"info","message":"::1 - - [25/May/2018:07:45:53 +0000] \"GET /app/routes.js HTTP/1.1\" 304 - \"http://localhost:8000/comelec-data\" \"Mozilla/5.0 (X11; Linux x86_64) AppleWebKit/537.36 (KHTML, like Gecko) Chrome/66.0.3359.181 Safari/537.36\"\n","timestamp":"2018-05-25T07:45:53.109Z"}
{"level":"info","message":"::1 - - [25/May/2018:07:45:53 +0000] \"GET /app/controllers/taskforcectrl.js HTTP/1.1\" 304 - \"http://localhost:8000/comelec-data\" \"Mozilla/5.0 (X11; Linux x86_64) AppleWebKit/537.36 (KHTML, like Gecko) Chrome/66.0.3359.181 Safari/537.36\"\n","timestamp":"2018-05-25T07:45:53.110Z"}
{"level":"info","message":"::1 - - [25/May/2018:07:45:53 +0000] \"GET /app/services/userServices.js HTTP/1.1\" 304 - \"http://localhost:8000/comelec-data\" \"Mozilla/5.0 (X11; Linux x86_64) AppleWebKit/537.36 (KHTML, like Gecko) Chrome/66.0.3359.181 Safari/537.36\"\n","timestamp":"2018-05-25T07:45:53.121Z"}
{"level":"info","message":"::1 - - [25/May/2018:07:45:53 +0000] \"GET /app/services/authServices.js HTTP/1.1\" 304 - \"http://localhost:8000/comelec-data\" \"Mozilla/5.0 (X11; Linux x86_64) AppleWebKit/537.36 (KHTML, like Gecko) Chrome/66.0.3359.181 Safari/537.36\"\n","timestamp":"2018-05-25T07:45:53.122Z"}
{"level":"info","message":"::1 - - [25/May/2018:07:45:53 +0000] \"GET /app/services/votersServices.js HTTP/1.1\" 304 - \"http://localhost:8000/comelec-data\" \"Mozilla/5.0 (X11; Linux x86_64) AppleWebKit/537.36 (KHTML, like Gecko) Chrome/66.0.3359.181 Safari/537.36\"\n","timestamp":"2018-05-25T07:45:53.123Z"}
{"level":"info","message":"::1 - - [25/May/2018:07:45:53 +0000] \"GET /app/services/taskforceServices.js HTTP/1.1\" 304 - \"http://localhost:8000/comelec-data\" \"Mozilla/5.0 (X11; Linux x86_64) AppleWebKit/537.36 (KHTML, like Gecko) Chrome/66.0.3359.181 Safari/537.36\"\n","timestamp":"2018-05-25T07:45:53.123Z"}
{"level":"info","message":"::1 - - [25/May/2018:07:45:53 +0000] \"GET /asset/js/jquery-3.3.1.slim.min.js HTTP/1.1\" 304 - \"http://localhost:8000/comelec-data\" \"Mozilla/5.0 (X11; Linux x86_64) AppleWebKit/537.36 (KHTML, like Gecko) Chrome/66.0.3359.181 Safari/537.36\"\n","timestamp":"2018-05-25T07:45:53.145Z"}
{"level":"info","message":"::1 - - [25/May/2018:07:45:53 +0000] \"GET /asset/js/bootstrap.min.js HTTP/1.1\" 304 - \"http://localhost:8000/comelec-data\" \"Mozilla/5.0 (X11; Linux x86_64) AppleWebKit/537.36 (KHTML, like Gecko) Chrome/66.0.3359.181 Safari/537.36\"\n","timestamp":"2018-05-25T07:45:53.151Z"}
{"level":"info","message":"::1 - - [25/May/2018:07:45:53 +0000] \"POST /api/me HTTP/1.1\" 200 43 \"http://localhost:8000/comelec-data\" \"Mozilla/5.0 (X11; Linux x86_64) AppleWebKit/537.36 (KHTML, like Gecko) Chrome/66.0.3359.181 Safari/537.36\"\n","timestamp":"2018-05-25T07:45:53.339Z"}
{"level":"info","message":"::1 - - [25/May/2018:07:45:53 +0000] \"GET /app/views/pages/comelec/uploadcsv.html HTTP/1.1\" 304 - \"http://localhost:8000/comelec-data\" \"Mozilla/5.0 (X11; Linux x86_64) AppleWebKit/537.36 (KHTML, like Gecko) Chrome/66.0.3359.181 Safari/537.36\"\n","timestamp":"2018-05-25T07:45:53.345Z"}
{"level":"info","message":"::1 - - [25/May/2018:07:45:53 +0000] \"GET /favicon.ico HTTP/1.1\" 200 8273 \"http://localhost:8000/comelec-data\" \"Mozilla/5.0 (X11; Linux x86_64) AppleWebKit/537.36 (KHTML, like Gecko) Chrome/66.0.3359.181 Safari/537.36\"\n","timestamp":"2018-05-25T07:45:53.439Z"}
